Функция hello_world
  Дата и время вызова: 2024-08-24 00:40:41.538536
  Аргументы: args=(), kwargs={}
  Возвращаемое значение: Hello World
Функция summator
  Дата и время вызова: 2024-08-24 00:40:41.540532
  Аргументы: args=(2, 2), kwargs={}
  Возвращаемое значение: 4
Функция div
  Дата и время вызова: 2024-08-24 00:40:41.545546
  Аргументы: args=(6, 2), kwargs={}
  Возвращаемое значение: 3.0
Функция summator
  Дата и время вызова: 2024-08-24 00:40:41.547540
  Аргументы: args=(4.3,), kwargs={'b': 2.2}
  Возвращаемое значение: 6.5
Функция summator
  Дата и время вызова: 2024-08-24 00:40:41.628242
  Аргументы: args=(), kwargs={'a': 0, 'b': 0}
  Возвращаемое значение: 0
